#
# A fatal error has been detected by the Java Runtime Environment:
#
#  SIGSEGV (0xb) at pc=0x08158b46, pid=15081, tid=3073235712
#
# JRE version: 6.0_27-b27
# Java VM: OpenJDK Client VM (20.0-b12 mixed mode, sharing linux-x86 )
# Derivative: IcedTea6 1.12.3
# Distribution: Ubuntu 12.04 LTS, package 6b27-1.12.3-0ubuntu1~12.04.1
# Problematic frame:
# C  [python2.7+0x110b46]  PyTuple_Pack+0x26
#
# If you would like to submit a bug report, please include
# instructions how to reproduce the bug and visit:
#   https://bugs.launchpad.net/ubuntu/+source/openjdk-6/
# The crash happened outside the Java Virtual Machine in native code.
# See problematic frame for where to report the bug.
#

---------------  T H R E A D  ---------------

Current thread (0x0a7c2800):  JavaThread "main" [_thread_in_native, id=15081, stack(0xbfc4a000,0xbfc9a000)]

siginfo:si_signo=SIGSEGV: si_errno=0, si_code=1 (SEGV_MAPERR), si_addr=0x00000000

Registers:
EAX=0x0a9b30ac, EBX=0xbfc94e7c, ECX=0x00000000, EDX=0x00000001
ESP=0xbfc94e50, EBP=0x00000000, ESI=0x00000002, EDI=0x0aba902c
EIP=0x08158b46, EFLAGS=0x00010282, CR2=0x00000000

Top of Stack: (sp=0xbfc94e50)
0xbfc94e50:   00000002 0ac31140 00000003 b5086ff4
0xbfc94e60:   0ab79470 b5086ff4 0ab79470 b4c0a510
0xbfc94e70:   00000002 0ac31140 00000000 0ab74f38
0xbfc94e80:   082bb700 b745e51f 0ac31180 0ac31140
0xbfc94e90:   0ac31199 0ab74f4c 00000002 0ab79470
0xbfc94ea0:   bfc94ef8 0aba902c 0ab7b26c 080cad61
0xbfc94eb0:   0ab79470 af8f9008 00000010 0ab79470
0xbfc94ec0:   0aba9054 0ab79470 bfc94ef8 08084c1b 

Instructions: (pc=0x08158b46)
0x08158b26:   74 24 20 8d 5c 24 24 89 34 24 e8 7b f5 ff ff 85
0x08158b36:   c0 74 1b 85 f6 7e 17 31 d2 89 d9 83 c3 04 8b 09
0x08158b46:   83 01 01 89 4c 90 0c 83 c2 01 39 f2 75 eb 83 c4
0x08158b56:   14 5b 5e c3 8d b6 00 00 00 00 56 53 83 ec 24 8b 

Register to memory mapping:

EAX=0x0a9b30ac is an unknown value
EBX=0xbfc94e7c is pointing into the stack for thread: 0x0a7c2800
ECX=0x00000000 is an unknown value
EDX=0x00000001 is an unknown value
ESP=0xbfc94e50 is pointing into the stack for thread: 0x0a7c2800
EBP=0x00000000 is an unknown value
ESI=0x00000002 is an unknown value
EDI=0x0aba902c is an unknown value


Stack: [0xbfc4a000,0xbfc9a000],  sp=0xbfc94e50,  free space=299k
Native frames: (J=compiled Java code, j=interpreted, Vv=VM code, C=native code)
C  [python2.7+0x110b46]  PyTuple_Pack+0x26

[error occurred during error reporting (printing native stack), id 0xb]


---------------  P R O C E S S  ---------------

Java Threads: ( => current thread )
  0x0a82e800 JavaThread "Low Memory Detector" daemon [_thread_blocked, id=15102, stack(0xb0caf000,0xb0d00000)]
  0x0a82c000 JavaThread "C1 CompilerThread0" daemon [_thread_blocked, id=15101, stack(0xb0e2e000,0xb0eaf000)]
  0x0a82a400 JavaThread "Signal Dispatcher" daemon [_thread_blocked, id=15100, stack(0xb0eaf000,0xb0f00000)]
  0x0a827000 JavaThread "Finalizer" daemon [_thread_blocked, id=15099, stack(0xb1214000,0xb1265000)]
  0x0a825800 JavaThread "Reference Handler" daemon [_thread_blocked, id=15098, stack(0xb1265000,0xb12b6000)]
=>0x0a7c2800 JavaThread "main" [_thread_in_native, id=15081, stack(0xbfc4a000,0xbfc9a000)]

Other Threads:
  0x0a823c00 VMThread [stack: 0xb12b6000,0xb1337000] [id=15097]
  0x0a831800 WatcherThread [stack: 0xb0c2e000,0xb0caf000] [id=15103]

VM state:not at safepoint (normal execution)

VM Mutex/Monitor currently owned by a thread: None

Heap
 def new generation   total 132224K, used 69887K [0x6ea80000, 0x779f0000, 0x79520000)
  eden space 117568K,  59% used [0x6ea80000, 0x72ebfe80, 0x75d50000)
  from space 14656K,   0% used [0x75d50000, 0x75d50000, 0x76ba0000)
  to   space 14656K,   0% used [0x76ba0000, 0x76ba0000, 0x779f0000)
 tenured generation   total 293744K, used 176244K [0x79520000, 0x8b3fc000, 0x8ea80000)
   the space 293744K,  59% used [0x79520000, 0x8413d318, 0x8413d400, 0x8b3fc000)
 compacting perm gen  total 12288K, used 4900K [0x8ea80000, 0x8f680000, 0x92a80000)
   the space 12288K,  39% used [0x8ea80000, 0x8ef490e0, 0x8ef49200, 0x8f680000)
    ro space 10240K,  73% used [0x92a80000, 0x931e2e30, 0x931e3000, 0x93480000)
    rw space 12288K,  60% used [0x93480000, 0x93bcb418, 0x93bcb600, 0x94080000)

Code Cache  [0xb1720000, 0xb1818000, 0xb3720000)
 total_blobs=480 nmethods=334 adapters=82 free_code_cache=32566080 largest_free_block=64

Dynamic libraries:
08048000-0829e000 r-xp 00000000 08:05 5899159    /usr/bin/python2.7
0829e000-0829f000 r--p 00256000 08:05 5899159    /usr/bin/python2.7
0829f000-082f4000 rw-p 00257000 08:05 5899159    /usr/bin/python2.7
082f4000-08300000 rw-p 00000000 00:00 0 
0a24b000-0ad80000 rw-p 00000000 00:00 0          [heap]
6ea80000-779f0000 rw-p 00000000 00:00 0 
779f0000-79520000 rw-p 00000000 00:00 0 
79520000-8b3fc000 rw-p 00000000 00:00 0 
8b3fc000-8cf0d000 ---p 00000000 00:00 0 
8cf0d000-8ea80000 rw-p 00000000 00:00 0 
8ea80000-8f680000 rw-p 00000000 00:00 0 
8f680000-92a80000 rw-p 00000000 00:00 0 
92a80000-931e3000 r--s 00001000 08:05 918474     /usr/lib/jvm/java-6-openjdk-i386/jre/lib/i386/client/classes.jsa
931e3000-93480000 rw-p 00000000 00:00 0 
93480000-93bcc000 rw-p 00764000 08:05 918474     /usr/lib/jvm/java-6-openjdk-i386/jre/lib/i386/client/classes.jsa
93bcc000-94080000 rw-p 00000000 00:00 0 
94080000-9417c000 rw-p 00eb0000 08:05 918474     /usr/lib/jvm/java-6-openjdk-i386/jre/lib/i386/client/classes.jsa
9417c000-94480000 rw-p 00000000 00:00 0 
94480000-94488000 r-xs 00fac000 08:05 918474     /usr/lib/jvm/java-6-openjdk-i386/jre/lib/i386/client/classes.jsa
94488000-94880000 rw-p 00000000 00:00 0 
ac582000-ace16000 rw-p 00000000 00:00 0 
af8f9000-b0c16000 rw-p 00000000 00:00 0 
b0c16000-b0c29000 r-xp 00000000 08:05 3539068    /lib/i386-linux-gnu/libresolv-2.15.so
b0c29000-b0c2a000 ---p 00013000 08:05 3539068    /lib/i386-linux-gnu/libresolv-2.15.so
b0c2a000-b0c2b000 r--p 00013000 08:05 3539068    /lib/i386-linux-gnu/libresolv-2.15.so
b0c2b000-b0c2c000 rw-p 00014000 08:05 3539068    /lib/i386-linux-gnu/libresolv-2.15.so
b0c2c000-b0c2e000 rw-p 00000000 00:00 0 
b0c2e000-b0c2f000 ---p 00000000 00:00 0 
b0c2f000-b0caf000 rw-p 00000000 00:00 0 
b0caf000-b0cb2000 ---p 00000000 00:00 0 
b0cb2000-b0d00000 rw-p 00000000 00:00 0 
b0d00000-b0d21000 rw-p 00000000 00:00 0 
b0d21000-b0e00000 ---p 00000000 00:00 0 
b0e15000-b0e1a000 r-xp 00000000 08:05 3539069    /lib/i386-linux-gnu/libnss_dns-2.15.so
b0e1a000-b0e1b000 r--p 00004000 08:05 3539069    /lib/i386-linux-gnu/libnss_dns-2.15.so
b0e1b000-b0e1c000 rw-p 00005000 08:05 3539069    /lib/i386-linux-gnu/libnss_dns-2.15.so
b0e2e000-b0e31000 ---p 00000000 00:00 0 
b0e31000-b0eaf000 rw-p 00000000 00:00 0 
b0eaf000-b0eb2000 ---p 00000000 00:00 0 
b0eb2000-b0f00000 rw-p 00000000 00:00 0 
b0f00000-b0f21000 rw-p 00000000 00:00 0 
b0f21000-b1000000 ---p 00000000 00:00 0 
b1000000-b1021000 rw-p 00000000 00:00 0 
b1021000-b1100000 ---p 00000000 00:00 0 
b1100000-b1121000 rw-p 00000000 00:00 0 
b1121000-b1200000 ---p 00000000 00:00 0 
b1204000-b1206000 r-xp 00000000 08:05 3538999    /lib/libnss_mdns4_minimal.so.2
b1206000-b1207000 r--p 00001000 08:05 3538999    /lib/libnss_mdns4_minimal.so.2
b1207000-b1208000 rw-p 00002000 08:05 3538999    /lib/libnss_mdns4_minimal.so.2
b1208000-b120f000 r-xp 00000000 08:05 793772     /usr/lib/jvm/java-6-openjdk-i386/jre/lib/i386/libmanagement.so
b120f000-b1210000 r--p 00006000 08:05 793772     /usr/lib/jvm/java-6-openjdk-i386/jre/lib/i386/libmanagement.so
b1210000-b1211000 rw-p 00007000 08:05 793772     /usr/lib/jvm/java-6-openjdk-i386/jre/lib/i386/libmanagement.so
b1211000-b1214000 r--s 00017000 08:05 2364976    /usr/local/lib/python2.7/dist-packages/lucene-3.6.1-py2.7-linux-i686.egg/lucene/lucene-spellchecker-3.6.1.jar
b1214000-b1217000 ---p 00000000 00:00 0 
b1217000-b1265000 rw-p 00000000 00:00 0 
b1265000-b1268000 ---p 00000000 00:00 0 
b1268000-b12b6000 rw-p 00000000 00:00 0 
b12b6000-b12b7000 ---p 00000000 00:00 0 
b12b7000-b1337000 rw-p 00000000 00:00 0 
b1337000-b14c9000 r--s 037d5000 08:05 527120     /usr/lib/jvm/java-6-openjdk-i386/jre/lib/rt.jar
b14c9000-b1559000 rw-p 00000000 00:00 0 
b1559000-b1566000 ---p 00000000 00:00 0 
b1566000-b1574000 rw-p 00000000 00:00 0 
b1574000-b15bc000 rw-p 00000000 00:00 0 
b15bc000-b15c9000 rw-p 00000000 00:00 0 
b15c9000-b1659000 rw-p 00000000 00:00 0 
b1659000-b1667000 ---p 00000000 00:00 0 
b1667000-b1674000 rw-p 00000000 00:00 0 
b1674000-b167a000 rw-p 00000000 00:00 0 
b167a000-b1694000 rw-p 00000000 00:00 0 
b1694000-b16a4000 rw-p 00000000 00:00 0 
b16a4000-b1720000 rw-p 00000000 00:00 0 
b1720000-b1818000 rwxp 00000000 00:00 0 
b1818000-b3720000 rw-p 00000000 00:00 0 
b3720000-b3983000 r-xp 00000000 08:05 5901344    /usr/lib/libpython2.7.so.1.0
b3983000-b3984000 ---p 00263000 08:05 5901344    /usr/lib/libpython2.7.so.1.0
b3984000-b3985000 r--p 00263000 08:05 5901344    /usr/lib/libpython2.7.so.1.0
b3985000-b39da000 rw-p 00264000 08:05 5901344    /usr/lib/libpython2.7.so.1.0
b39da000-b39e6000 rw-p 00000000 00:00 0 
b39e6000-b3efa000 r-xp 00000000 08:05 917946     /usr/lib/jvm/java-6-openjdk-i386/jre/lib/i386/client/libjvm.so
b3efa000-b3efb000 ---p 00514000 08:05 917946     /usr/lib/jvm/java-6-openjdk-i386/jre/lib/i386/client/libjvm.so
b3efb000-b3f12000 r--p 00514000 08:05 917946     /usr/lib/jvm/java-6-openjdk-i386/jre/lib/i386/client/libjvm.so
b3f12000-b3f1f000 rw-p 0052b000 08:05 917946     /usr/lib/jvm/java-6-openjdk-i386/jre/lib/i386/client/libjvm.so
b3f1f000-b4337000 rw-p 00000000 00:00 0 
b4337000-b5074000 r-xp 00000000 08:05 2364979    /usr/local/lib/python2.7/dist-packages/lucene-3.6.1-py2.7-linux-i686.egg/lucene/_lucene.so
b5074000-b5087000 r--p 00d3d000 08:05 2364979    /usr/local/lib/python2.7/dist-packages/lucene-3.6.1-py2.7-linux-i686.egg/lucene/_lucene.so
b5087000-b50fb000 rw-p 00d50000 08:05 2364979    /usr/local/lib/python2.7/dist-packages/lucene-3.6.1-py2.7-linux-i686.egg/lucene/_lucene.so
b50fb000-b5100000 rw-p 00000000 00:00 0 
b5100000-b5121000 rw-p 00000000 00:00 0 
b5121000-b5200000 ---p 00000000 00:00 0 
b5201000-b5209000 r--s 00041000 08:05 2364970    /usr/local/lib/python2.7/dist-packages/lucene-3.6.1-py2.7-linux-i686.egg/lucene/lucene-facet-3.6.1.jar
b5209000-b520b000 r--s 00008000 08:05 2364981    /usr/local/lib/python2.7/dist-packages/lucene-3.6.1-py2.7-linux-i686.egg/lucene/lucene-join-3.6.1.jar
b520b000-b520d000 r--s 0000e000 08:05 2364989    /usr/local/lib/python2.7/dist-packages/lucene-3.6.1-py2.7-linux-i686.egg/lucene/lucene-grouping-3.6.1.jar
b520d000-b520f000 r--s 0000a000 08:05 2364991    /usr/local/lib/python2.7/dist-packages/lucene-3.6.1-py2.7-linux-i686.egg/lucene/lucene-queries-3.6.1.jar
b520f000-b5211000 r--s 00004000 08:05 2364986    /usr/local/lib/python2.7/dist-packages/lucene-3.6.1-py2.7-linux-i686.egg/lucene/extensions.jar
b5211000-b5213000 r--s 00014000 08:05 2364984    /usr/local/lib/python2.7/dist-packages/lucene-3.6.1-py2.7-linux-i686.egg/lucene/lucene-highlighter-3.6.1.jar
b5213000-b5215000 r--s 00006000 08:05 2364983    /usr/local/lib/python2.7/dist-packages/lucene-3.6.1-py2.7-linux-i686.egg/lucene/lucene-memory-3.6.1.jar
b5215000-b521b000 r--s 000fc000 08:05 1707745    /usr/lib/jvm/java-6-openjdk-common/jre/lib/resources.jar
b521b000-b5226000 r--s 00114000 08:05 2364982    /usr/local/lib/python2.7/dist-packages/lucene-3.6.1-py2.7-linux-i686.egg/lucene/lucene-analyzers-3.6.1.jar
b5226000-b523f000 r--s 0015f000 08:05 2364977    /usr/local/lib/python2.7/dist-packages/lucene-3.6.1-py2.7-linux-i686.egg/lucene/lucene-core-3.6.1.jar
b523f000-b524d000 rw-p 00000000 00:00 0 
b524d000-b5267000 rw-p 00000000 00:00 0 
b5267000-b5272000 r-xp 00000000 08:05 3539067    /lib/i386-linux-gnu/libnss_files-2.15.so
b5272000-b5273000 r--p 0000a000 08:05 3539067    /lib/i386-linux-gnu/libnss_files-2.15.so
b5273000-b5274000 rw-p 0000b000 08:05 3539067    /lib/i386-linux-gnu/libnss_files-2.15.so
b5274000-b528a000 r-xp 00000000 08:05 3543060    /lib/i386-linux-gnu/libnsl-2.15.so
b528a000-b528b000 r--p 00015000 08:05 3543060    /lib/i386-linux-gnu/libnsl-2.15.so
b528b000-b528c000 rw-p 00016000 08:05 3543060    /lib/i386-linux-gnu/libnsl-2.15.so
b528c000-b528e000 rw-p 00000000 00:00 0 
b528e000-b52f9000 r-xp 00000000 08:05 1976927    /usr/local/lib/python2.7/dist-packages/JCC-2.14-py2.7-linux-i686.egg/jcc/_jcc.so
b52f9000-b52fa000 r--p 0006b000 08:05 1976927    /usr/local/lib/python2.7/dist-packages/JCC-2.14-py2.7-linux-i686.egg/jcc/_jcc.so
b52fa000-b52fd000 rw-p 0006c000 08:05 1976927    /usr/local/lib/python2.7/dist-packages/JCC-2.14-py2.7-linux-i686.egg/jcc/_jcc.so
b52fd000-b52ff000 rw-p 00000000 00:00 0 
b52ff000-b5300000 ---p 00000000 00:00 0 
b5300000-b5b00000 rw-p 00000000 00:00 0 
b5b00000-b5b21000 rw-p 00000000 00:00 0 
b5b21000-b5c00000 ---p 00000000 00:00 0 
b5c01000-b5c04000 r--s 00077000 08:05 1707744    /usr/lib/jvm/java-6-openjdk-common/jre/lib/ext/localedata.jar
b5c04000-b5c0a000 rw-p 00000000 00:00 0 
b5c0a000-b5c14000 r-xp 00000000 08:05 3539071    /lib/i386-linux-gnu/libnss_nis-2.15.so
b5c14000-b5c15000 r--p 00009000 08:05 3539071    /lib/i386-linux-gnu/libnss_nis-2.15.so
b5c15000-b5c16000 rw-p 0000a000 08:05 3539071    /lib/i386-linux-gnu/libnss_nis-2.15.so
b5c16000-b5cf2000 r-xp 00000000 08:05 5900309    /usr/lib/i386-linux-gnu/libstdc++.so.6.0.17
b5cf2000-b5cf3000 ---p 000dc000 08:05 5900309    /usr/lib/i386-linux-gnu/libstdc++.so.6.0.17
b5cf3000-b5cf7000 r--p 000dc000 08:05 5900309    /usr/lib/i386-linux-gnu/libstdc++.so.6.0.17
b5cf7000-b5cf8000 rw-p 000e0000 08:05 5900309    /usr/lib/i386-linux-gnu/libstdc++.so.6.0.17
b5cf8000-b5cff000 rw-p 00000000 00:00 0 
b5cff000-b5d00000 ---p 00000000 00:00 0 
b5d00000-b6500000 rw-p 00000000 00:00 0 
b6500000-b6521000 rw-p 00000000 00:00 0 
b6521000-b6600000 ---p 00000000 00:00 0 
b6600000-b6607000 r-xp 00000000 08:05 3539065    /lib/i386-linux-gnu/libnss_compat-2.15.so
b6607000-b6608000 r--p 00006000 08:05 3539065    /lib/i386-linux-gnu/libnss_compat-2.15.so
b6608000-b6609000 rw-p 00007000 08:05 3539065    /lib/i386-linux-gnu/libnss_compat-2.15.so
b660a000-b6611000 r-xp 00000000 08:05 790711     /usr/lib/jvm/java-6-openjdk-i386/jre/lib/i386/libzip.so
b6611000-b6612000 r--p 00006000 08:05 790711     /usr/lib/jvm/java-6-openjdk-i386/jre/lib/i386/libzip.so
b6612000-b6613000 rw-p 00007000 08:05 790711     /usr/lib/jvm/java-6-openjdk-i386/jre/lib/i386/libzip.so
b6613000-b661b000 rw-s 00000000 08:05 2762990    /tmp/hsperfdata_vandana/15081
b661b000-b6641000 r-xp 00000000 08:05 790707     /usr/lib/jvm/java-6-openjdk-i386/jre/lib/i386/libjava.so
b6641000-b6642000 r--p 00025000 08:05 790707     /usr/lib/jvm/java-6-openjdk-i386/jre/lib/i386/libjava.so
b6642000-b6644000 rw-p 00026000 08:05 790707     /usr/lib/jvm/java-6-openjdk-i386/jre/lib/i386/libjava.so
b6644000-b664b000 r-xp 00000000 08:05 3539070    /lib/i386-linux-gnu/librt-2.15.so
b664b000-b664c000 r--p 00006000 08:05 3539070    /lib/i386-linux-gnu/librt-2.15.so
b664c000-b664d000 rw-p 00007000 08:05 3539070    /lib/i386-linux-gnu/librt-2.15.so
b664d000-b6651000 r--s 00039000 08:05 1707742    /usr/lib/jvm/java-6-openjdk-common/jre/lib/ext/sunpkcs11.jar
b6651000-b665c000 r-xp 00000000 08:05 793797     /usr/lib/jvm/java-6-openjdk-i386/jre/lib/i386/libverify.so
b665c000-b665d000 ---p 0000b000 08:05 793797     /usr/lib/jvm/java-6-openjdk-i386/jre/lib/i386/libverify.so
b665d000-b665e000 r--p 0000b000 08:05 793797     /usr/lib/jvm/java-6-openjdk-i386/jre/lib/i386/libverify.so
b665e000-b665f000 rw-p 0000c000 08:05 793797     /usr/lib/jvm/java-6-openjdk-i386/jre/lib/i386/libverify.so
b665f000-b6663000 r-xp 00000000 08:05 3539978    /lib/i386-linux-gnu/libuuid.so.1.3.0
b6663000-b6664000 r--p 00003000 08:05 3539978    /lib/i386-linux-gnu/libuuid.so.1.3.0
b6664000-b6665000 rw-p 00004000 08:05 3539978    /lib/i386-linux-gnu/libuuid.so.1.3.0
b6665000-b6680000 r-xp 00000000 08:05 4533       /usr/lib/python2.7/lib-dynload/_ctypes.so
b6680000-b6685000 r--p 0001a000 08:05 4533       /usr/lib/python2.7/lib-dynload/_ctypes.so
b6685000-b6688000 rw-p 0001f000 08:05 4533       /usr/lib/python2.7/lib-dynload/_ctypes.so
b6688000-b6689000 ---p 00000000 00:00 0 
b6689000-b6e89000 rw-p 00000000 00:00 0 
b6e89000-b6eaf000 r-xp 00000000 08:05 3539889    /lib/i386-linux-gnu/libexpat.so.1.5.2
b6eaf000-b6eb0000 ---p 00026000 08:05 3539889    /lib/i386-linux-gnu/libexpat.so.1.5.2
b6eb0000-b6eb2000 r--p 00026000 08:05 3539889    /lib/i386-linux-gnu/libexpat.so.1.5.2
b6eb2000-b6eb3000 rw-p 00028000 08:05 3539889    /lib/i386-linux-gnu/libexpat.so.1.5.2
b6eb3000-b6f55000 rw-p 00000000 00:00 0 
b6f55000-b6f57000 r--s 00001000 08:05 1707743    /usr/lib/jvm/java-6-openjdk-common/jre/lib/ext/dnsns.jar
b6f57000-b6f5a000 r-xp 00000000 08:05 1838626    /usr/local/lib/python2.7/dist-packages/pymongo/_cmessage.so
b6f5a000-b6f5b000 r--p 00002000 08:05 1838626    /usr/local/lib/python2.7/dist-packages/pymongo/_cmessage.so
b6f5b000-b6f5c000 rw-p 00003000 08:05 1838626    /usr/local/lib/python2.7/dist-packages/pymongo/_cmessage.so
b6f5c000-b6f65000 r-xp 00000000 08:05 1838610    /usr/local/lib/python2.7/dist-packages/bson/_cbson.so
b6f65000-b6f66000 r--p 00008000 08:05 1838610    /usr/local/lib/python2.7/dist-packages/bson/_cbson.so
b6f66000-b6f67000 rw-p 00009000 08:05 1838610    /usr/local/lib/python2.7/dist-packages/bson/_cbson.so
b6f67000-b6f6b000 r-xp 00000000 08:05 7186       /usr/lib/pyshared/python2.7/cjson.so
b6f6b000-b6f6c000 r--p 00003000 08:05 7186       /usr/lib/pyshared/python2.7/cjson.so
b6f6c000-b6f6d000 rw-p 00004000 08:05 7186       /usr/lib/pyshared/python2.7/cjson.so
b6f6d000-b6f7a000 r-xp 00000000 08:05 1838684    /usr/local/lib/python2.7/dist-packages/JCC-2.14-py2.7-linux-i686.egg/libjcc.so
b6f7a000-b6f7b000 r--p 0000c000 08:05 1838684    /usr/local/lib/python2.7/dist-packages/JCC-2.14-py2.7-linux-i686.egg/libjcc.so
b6f7b000-b6f7c000 rw-p 0000d000 08:05 1838684    /usr/local/lib/python2.7/dist-packages/JCC-2.14-py2.7-linux-i686.egg/libjcc.so
b6f7c000-b6f86000 r-xp 00000000 08:05 4541       /usr/lib/python2.7/lib-dynload/_json.so
b6f86000-b6f87000 r--p 00009000 08:05 4541       /usr/lib/python2.7/lib-dynload/_json.so
b6f87000-b6f88000 rw-p 0000a000 08:05 4541       /usr/lib/python2.7/lib-dynload/_json.so
b6f88000-b6f93000 r-xp 00000000 08:05 4562       /usr/lib/python2.7/lib-dynload/pyexpat.so
b6f93000-b6f94000 r--p 0000b000 08:05 4562       /usr/lib/python2.7/lib-dynload/pyexpat.so
b6f94000-b6f95000 rw-p 0000c000 08:05 4562       /usr/lib/python2.7/lib-dynload/pyexpat.so
b6f95000-b6fd7000 rw-p 00000000 00:00 0 
b6fd8000-b6fdb000 r--s 00031000 08:05 1707740    /usr/lib/jvm/java-6-openjdk-common/jre/lib/ext/sunjce_provider.jar
b6fdb000-b6fee000 r-xp 00000000 08:05 4550       /usr/lib/python2.7/lib-dynload/datetime.so
b6fee000-b6fef000 r--p 00012000 08:05 4550       /usr/lib/python2.7/lib-dynload/datetime.so
b6fef000-b6ff2000 rw-p 00013000 08:05 4550       /usr/lib/python2.7/lib-dynload/datetime.so
b6ff2000-b700f000 r-xp 00000000 08:05 4540       /usr/lib/python2.7/lib-dynload/_io.so
b700f000-b7010000 r--p 0001c000 08:05 4540       /usr/lib/python2.7/lib-dynload/_io.so
b7010000-b7018000 rw-p 0001d000 08:05 4540       /usr/lib/python2.7/lib-dynload/_io.so
b7018000-b7218000 r--p 00000000 08:05 5905482    /usr/lib/locale/locale-archive
b7218000-b7259000 rw-p 00000000 00:00 0 
b7259000-b725a000 r--s 00007000 08:05 141335     /usr/share/java/java-atk-wrapper.jar
b725a000-b72de000 rw-p 00000000 00:00 0 
b72de000-b7308000 r-xp 00000000 08:05 3539074    /lib/i386-linux-gnu/libm-2.15.so
b7308000-b7309000 r--p 00029000 08:05 3539074    /lib/i386-linux-gnu/libm-2.15.so
b7309000-b730a000 rw-p 0002a000 08:05 3539074    /lib/i386-linux-gnu/libm-2.15.so
b730a000-b7326000 r-xp 00000000 08:05 3547073    /lib/i386-linux-gnu/libgcc_s.so.1
b7326000-b7327000 r--p 0001b000 08:05 3547073    /lib/i386-linux-gnu/libgcc_s.so.1
b7327000-b7328000 rw-p 0001c000 08:05 3547073    /lib/i386-linux-gnu/libgcc_s.so.1
b7328000-b7329000 rw-p 00000000 00:00 0 
b7329000-b74cc000 r-xp 00000000 08:05 3538957    /lib/i386-linux-gnu/libc-2.15.so
b74cc000-b74cd000 ---p 001a3000 08:05 3538957    /lib/i386-linux-gnu/libc-2.15.so
b74cd000-b74cf000 r--p 001a3000 08:05 3538957    /lib/i386-linux-gnu/libc-2.15.so
b74cf000-b74d0000 rw-p 001a5000 08:05 3538957    /lib/i386-linux-gnu/libc-2.15.so
b74d0000-b74d3000 rw-p 00000000 00:00 0 
b74d3000-b74e7000 r-xp 00000000 08:05 3539982    /lib/i386-linux-gnu/libz.so.1.2.3.4
b74e7000-b74e8000 r--p 00013000 08:05 3539982    /lib/i386-linux-gnu/libz.so.1.2.3.4
b74e8000-b74e9000 rw-p 00014000 08:05 3539982    /lib/i386-linux-gnu/libz.so.1.2.3.4
b74e9000-b767b000 r-xp 00000000 08:05 3551000    /lib/i386-linux-gnu/libcrypto.so.1.0.0
b767b000-b768a000 r--p 00192000 08:05 3551000    /lib/i386-linux-gnu/libcrypto.so.1.0.0
b768a000-b7691000 rw-p 001a1000 08:05 3551000    /lib/i386-linux-gnu/libcrypto.so.1.0.0
b7691000-b7694000 rw-p 00000000 00:00 0 
b7694000-b76e5000 r-xp 00000000 08:05 3538975    /lib/i386-linux-gnu/libssl.so.1.0.0
b76e5000-b76e7000 r--p 00050000 08:05 3538975    /lib/i386-linux-gnu/libssl.so.1.0.0
b76e7000-b76eb000 rw-p 00052000 08:05 3538975    /lib/i386-linux-gnu/libssl.so.1.0.0
b76eb000-b76ed000 r-xp 00000000 08:05 3538949    /lib/i386-linux-gnu/libutil-2.15.so
b76ed000-b76ee000 r--p 00001000 08:05 3538949    /lib/i386-linux-gnu/libutil-2.15.so
b76ee000-b76ef000 rw-p 00002000 08:05 3538949    /lib/i386-linux-gnu/libutil-2.15.so
b76ef000-b76f0000 rw-p 00000000 00:00 0 
b76f0000-b76f3000 r-xp 00000000 08:05 3539078    /lib/i386-linux-gnu/libdl-2.15.so
b76f3000-b76f4000 r--p 00002000 08:05 3539078    /lib/i386-linux-gnu/libdl-2.15.so
b76f4000-b76f5000 rw-p 00003000 08:05 3539078    /lib/i386-linux-gnu/libdl-2.15.so
b76f5000-b770c000 r-xp 00000000 08:05 3539072    /lib/i386-linux-gnu/libpthread-2.15.so
b770c000-b770d000 r--p 00016000 08:05 3539072    /lib/i386-linux-gnu/libpthread-2.15.so
b770d000-b770e000 rw-p 00017000 08:05 3539072    /lib/i386-linux-gnu/libpthread-2.15.so
b770e000-b7710000 rw-p 00000000 00:00 0 
b7710000-b7712000 r--s 0000f000 08:05 1707741    /usr/lib/jvm/java-6-openjdk-common/jre/lib/ext/pulse-java.jar
b7712000-b7713000 rw-p 00000000 00:00 0 
b7713000-b7714000 r--p 00000000 00:00 0 
b7714000-b7715000 rwxp 00000000 00:00 0 
b7715000-b7718000 r-xp 00000000 08:05 4538       /usr/lib/python2.7/lib-dynload/_heapq.so
b7718000-b7719000 r--p 00002000 08:05 4538       /usr/lib/python2.7/lib-dynload/_heapq.so
b7719000-b771b000 rw-p 00003000 08:05 4538       /usr/lib/python2.7/lib-dynload/_heapq.so
b771b000-b771c000 r--p 005e0000 08:05 5905482    /usr/lib/locale/locale-archive
b771c000-b771f000 r-xp 00000000 08:05 4565       /usr/lib/python2.7/lib-dynload/termios.so
b771f000-b7720000 r--p 00002000 08:05 4565       /usr/lib/python2.7/lib-dynload/termios.so
b7720000-b7722000 rw-p 00003000 08:05 4565       /usr/lib/python2.7/lib-dynload/termios.so
b7722000-b7724000 rw-p 00000000 00:00 0 
b7724000-b7725000 r-xp 00000000 00:00 0          [vdso]
b7725000-b7745000 r-xp 00000000 08:05 3539075    /lib/i386-linux-gnu/ld-2.15.so
b7745000-b7746000 r--p 0001f000 08:05 3539075    /lib/i386-linux-gnu/ld-2.15.so
b7746000-b7747000 rw-p 00020000 08:05 3539075    /lib/i386-linux-gnu/ld-2.15.so
bfc4a000-bfc4d000 ---p 00000000 00:00 0 
bfc4e000-bfc9a000 rw-p 00000000 00:00 0          [stack]

VM Arguments:
java_command: <unknown>
Launcher Type: generic

Environment Variables:
PATH=/usr/lib/lightdm/lightdm:/usr/local/sbin:/usr/local/bin:/usr/sbin:/usr/bin:/sbin:/bin:/usr/games
LD_LIBRARY_PATH=/usr/lib/jvm/java-6-openjdk-i386/jre/lib/i386/client:/usr/lib/jvm/java-6-openjdk-i386/jre/lib/i386:
SHELL=/bin/bash
DISPLAY=:0

Signal Handlers:
SIGSEGV: [libjvm.so+0x3e4760], sa_mask[0]=0x7ffbfeff, sa_flags=0x10000004
SIGBUS: [libjvm.so+0x3e4760], sa_mask[0]=0x7ffbfeff, sa_flags=0x10000004
SIGFPE: [libjvm.so+0x301730], sa_mask[0]=0x7ffbfeff, sa_flags=0x10000004
SIGPIPE: [libjvm.so+0x301730], sa_mask[0]=0x7ffbfeff, sa_flags=0x10000004
SIGXFSZ: [libjvm.so+0x301730], sa_mask[0]=0x7ffbfeff, sa_flags=0x10000004
SIGILL: [libjvm.so+0x301730], sa_mask[0]=0x7ffbfeff, sa_flags=0x10000004
SIGUSR1: SIG_DFL, sa_mask[0]=0x00000000, sa_flags=0x00000000
SIGUSR2: [libjvm.so+0x3015c0], sa_mask[0]=0x00000004, sa_flags=0x10000004
SIGHUP: [libjvm.so+0x304660], sa_mask[0]=0x7ffbfeff, sa_flags=0x10000004
SIGINT: [libjvm.so+0x304660], sa_mask[0]=0x7ffbfeff, sa_flags=0x10000004
SIGTERM: [libjvm.so+0x304660], sa_mask[0]=0x7ffbfeff, sa_flags=0x10000004
SIGQUIT: [libjvm.so+0x304660], sa_mask[0]=0x7ffbfeff, sa_flags=0x10000004


---------------  S Y S T E M  ---------------

OS:Ubuntu 12.04 (precise)
uname:Linux 3.2.0-38-generic-pae #61-Ubuntu SMP Tue Feb 19 12:39:51 UTC 2013 i686
libc:glibc 2.15 NPTL 2.15 
rlimit: STACK 8192k, CORE 0k, NPROC 23812, NOFILE 4096, AS infinity
load average:0.78 0.41 0.29

/proc/meminfo:
MemTotal:        3062604 kB
MemFree:          297372 kB
Buffers:           67112 kB
Cached:           655568 kB
SwapCached:       121280 kB
Active:          1813164 kB
Inactive:         796572 kB
Active(anon):    1632484 kB
Inactive(anon):   624052 kB
Active(file):     180680 kB
Inactive(file):   172520 kB
Unevictable:          88 kB
Mlocked:              88 kB
HighTotal:       2196872 kB
HighFree:          76540 kB
LowTotal:         865732 kB
LowFree:          220832 kB
SwapTotal:       1998844 kB
SwapFree:        1041744 kB
Dirty:                16 kB
Writeback:             0 kB
AnonPages:       1770032 kB
Mapped:           167440 kB
Shmem:            369148 kB
Slab:              90532 kB
SReclaimable:      64628 kB
SUnreclaim:        25904 kB
KernelStack:        5304 kB
PageTables:        24348 kB
NFS_Unstable:          0 kB
Bounce:                0 kB
WritebackTmp:          0 kB
CommitLimit:     3530144 kB
Committed_AS:    7693116 kB
VmallocTotal:     122880 kB
VmallocUsed:       26496 kB
VmallocChunk:      17980 kB
HardwareCorrupted:     0 kB
AnonHugePages:         0 kB
HugePages_Total:       0
HugePages_Free:        0
HugePages_Rsvd:        0
HugePages_Surp:        0
Hugepagesize:       2048 kB
DirectMap4k:       10232 kB
DirectMap2M:      903168 kB


CPU:total 4 (4 cores per cpu, 1 threads per core) family 6 model 23 stepping 10, cmov, cx8, fxsr, mmx, sse, sse2, sse3, ssse3, sse4.1

Memory: 4k page, physical 3062604k(297372k free), swap 1998844k(1041744k free)

vm_info: OpenJDK Client VM (20.0-b12) for linux-x86 JRE (1.6.0_27-b27), built on Mar  5 2013 00:37:30 by "buildd" with gcc 4.6.3

time: Tue Mar 26 20:45:38 2013
elapsed time: 155 seconds

