	qid_	label_	f0	f1	f2	f3	f4
2.2	0	3.0	4.0	1.0	1.0	1.9998016182	0.49329692130000002
2.6	0	3.0	4.0	0.0	1.0	1.8524729805	1.0319330691999999
1.8	0	3.0	4.0	0.0	0.0	0.0	0.89970576759999998
1.8	0	1.0	4.0	0.0	0.0	0.65548177389999995	0.55717992780000003
3.0	0	3.0	1.0	1.0	1.0	0.0	2.5518782138999998
2.4	0	3.0	1.0	1.0	1.0	0.69314718060000002	1.69130373
2.6	0	3.0	2.0	0.0	1.0	1.3321790402	1.2759391068999999
1.0	0	1.0	2.0	1.0	0.0	0.0	1.0179041624
2.2	0	3.0	1.0	1.0	1.0	1.0397207708	0.99661028389999995
2.8	0	2.0	1.0	1.0	1.0	0.0	0.8686330914
1.0	1	3.0	4.0	1.0	0.0	0.0	0.37626081709999998
1.8	1	1.0	3.0	1.0	0.0	0.5623351446	0.61088454719999996
2.4	1	2.0	2.0	1.0	0.0	1.7478680975000001	0.85848194359999996
2.2	1	1.0	2.0	1.0	0.0	0.0	0.35467237229999998
2.6	1	1.0	2.0	1.0	0.0	1.0397207708	0.32776758070000001
1.0	1	1.0	1.0	1.0	0.0	0.0	2.3488507270999999
1.8	1	1.0	1.0	1.0	0.0	0.0	2.0133006572999999
1.4	1	3.0	1.0	1.0	0.0	0.0	1.6777505875000001
1.0	1	1.0	1.0	1.0	0.0	0.0	1.2017178534999999
1.4	1	1.0	1.0	1.0	0.0	0.69314718060000002	0.94907903670000004
2.2	2	1.0	10.0	1.0	0.0	0.0	0.32709369100000002
2.4	2	2.0	3.0	1.0	1.0	0.0	1.1932970285
2.2	2	2.0	3.0	0.0	1.0	1.0114042647000001	0.81609237189999995
2.4	2	2.0	1.0	1.0	1.0	0.0	1.8318096398999999
1.6	2	2.0	2.0	0.0	1.0	0.0	1.5927765369
2.8	2	2.0	1.0	1.0	1.0	0.0	1.0467483997
1.0	2	1.0	2.0	1.0	0.0	0.0	0.84378838540000001
1.0	2	3.0	2.0	1.0	0.0	0.0	0.55512213710000002
2.2	2	1.0	2.0	1.0	0.0	0.0	0.35925814509999998
2.8	2	3.0	2.0	0.0	0.0	0.0	2.2204885483000001
2.2	3	2.0	1.0	1.0	1.0	0.0	2.7442941666
2.2	3	1.0	2.0	1.0	0.0	0.0	0.25261819359999999
1.8	3	2.0	1.0	1.0	0.0	0.0	2.7442941666
1.8	3	2.0	1.0	1.0	0.0	0.0	2.7442941666
1.8	3	2.0	1.0	1.0	0.0	0.0	2.7442941666
1.8	3	1.0	1.0	1.0	0.0	0.0	2.7442941666
1.8	3	1.0	1.0	1.0	0.0	0.0	2.7442941666
1.9	3	1.0	1.0	1.0	0.0	0.0	2.5968990326000001
2.78285714286	3	2.0	1.0	1.0	0.0	0.0	2.4012575150000002
2.78285714286	3	1.0	1.0	1.0	0.0	0.0	2.4012575150000002
2.2	4	1.0	10.0	1.0	0.0	0.0	0.32709369100000002
2.4	4	2.0	3.0	1.0	1.0	0.0	1.1932970285
2.2	4	2.0	3.0	0.0	1.0	1.0114042647000001	0.81609237189999995
2.4	4	2.0	1.0	1.0	1.0	0.0	1.8318096398999999
1.6	4	2.0	2.0	0.0	1.0	0.0	1.5927765369
2.8	4	2.0	1.0	1.0	1.0	0.0	1.0467483997
1.0	4	1.0	2.0	1.0	0.0	0.0	0.84378838540000001
1.0	4	3.0	2.0	1.0	0.0	0.0	0.55512213710000002
2.2	4	1.0	2.0	1.0	0.0	0.0	0.35925814509999998
2.8	4	3.0	2.0	0.0	0.0	0.0	2.2204885483000001
2.8	5	3.0	11.0	1.0	0.0	0.53596104970000003	1.131350517
3.0	5	2.0	5.0	1.0	1.0	0.0	1.3367934227
2.8	5	2.0	3.0	1.0	1.0	0.0	1.3609857559
2.4	5	3.0	4.0	1.0	0.0	0.86756322850000001	0.71539980169999995
1.8	5	3.0	2.0	1.0	1.0	1.0397207708	1.1454682350000001
2.6	5	3.0	2.0	1.0	1.0	0.0	1.0904488564000001
2.6	5	2.0	2.0	1.0	1.0	0.63651416829999996	1.0579392910000001
2.4	5	2.0	3.0	1.0	0.0	0.0	1.0016199349999999
2.2	5	2.0	3.0	1.0	0.0	0.0	0.70826733109999995
2.2	5	2.0	2.0	1.0	1.0	0.0	0.67436283829999999
2.8	6	2.0	9.0	0.0	1.0	0.83698821680000002	1.430343986
2.4	6	2.0	4.0	1.0	1.0	0.50040242349999997	1.6151707172000001
2.6	6	2.0	4.0	1.0	1.0	0.0	1.4684729576
1.0	6	3.0	5.0	0.0	0.0	0.0	2.1397738457000002
2.4	6	1.0	4.0	1.0	0.0	0.0	1.9019880295
2.4	6	3.0	4.0	1.0	0.0	0.0	1.6758712529999999
1.8	6	1.0	5.0	0.0	0.0	0.45056120890000001	1.6460018158
2.4	6	1.0	3.0	1.0	1.0	0.0	1.4459707737
2.0	6	2.0	5.0	0.0	0.0	1.8143075196	1.2849137783
1.8	6	3.0	3.0	1.0	0.0	0.0	2.0656723976000002
1.8	7	1.0	1.0	1.0	0.0	0.0	2.7188749312999998
2.0	7	1.0	1.0	0.0	1.0	1.0986122887000001	2.6909883022000001
3.0	7	3.0	1.0	0.0	1.0	1.5607104089999999	1.4801037312000001
2.2	7	3.0	1.0	1.0	0.0	0.0	1.3433947562999999
1.4	7	1.0	1.0	0.0	0.0	0.0	4.6609282494000004
1.2	7	3.0	1.0	0.0	0.0	0.0	3.5823860168000001
1.2	7	1.0	1.0	0.0	0.0	0.0	3.5823860168000001
1.0	7	1.0	1.0	0.0	0.0	0.0	3.2957739830000001
1.0	7	1.0	1.0	0.0	0.0	0.0	3.2957739830000001
1.0	7	1.0	1.0	0.0	0.0	0.0	3.1345877647
2.2	8	3.0	1.0	1.0	1.0	1.9792045173999999	3.0287480354
2.2	8	3.0	1.0	1.0	1.0	0.0	3.0287480354
1.2	8	1.0	3.0	0.0	0.0	0.0	2.3328380585000001
2.4	8	3.0	2.0	0.0	1.0	1.7478680975000001	1.4481685162
1.4	8	3.0	2.0	0.0	1.0	2.46707856	0.57584196330000004
2.8	8	3.0	1.0	0.0	1.0	0.0	3.7859354019000002
2.4	8	3.0	1.0	0.0	1.0	0.0	1.9308912754000001
1.0	8	3.0	1.0	1.0	0.0	0.0	1.8929677009999999
2.4	8	1.0	1.0	0.0	1.0	0.0	1.8929677009999999
1.16	8	2.0	1.0	1.0	0.0	0.0	1.5268856287000001
1.8	9	3.0	9.0	1.0	0.0	0.32508297339999997	0.82664751999999997
3.0	9	1.0	1.0	1.0	0.0	0.0	1.9461975097999999
1.0	9	3.0	1.0	0.0	0.0	0.0	1.5931457281000001
1.56	9	3.0	1.0	0.0	0.0	0.0	1.5089187622
1.0	9	3.0	1.0	0.0	0.0	0.0	1.2806510925000001
1.0	9	1.0	1.0	0.0	0.0	0.0	1.1859562397000001
2.2	10	1.0	11.0	1.0	0.0	0.28683598310000002	0.94237732900000004
2.4	10	3.0	11.0	1.0	0.0	0.0	0.51436656700000005
3.0	10	3.0	6.0	1.0	1.0	0.73562193980000001	0.76542174819999997
3.0	10	3.0	3.0	1.0	1.0	0.0	1.0315161943
2.6	10	1.0	4.0	1.0	0.0	0.50040242349999997	0.64436262850000003
2.2	10	2.0	2.0	1.0	1.0	0.0	1.203435421
2.2	10	2.0	3.0	1.0	0.0	0.0	0.6864383221
2.0	10	3.0	4.0	0.0	0.0	0.0	0.48626136780000001
1.0	10	1.0	2.0	1.0	0.0	0.0	1.8428601027
2.2	10	2.0	1.0	1.0	1.0	0.0	1.8146117926000001
2.2	11	2.0	10.0	0.0	1.0	2.8191938559	0.80904972600000002
1.8	11	2.0	5.0	1.0	0.0	1.9712506785999999	1.0324540138
2.2	11	2.0	5.0	1.0	0.0	1.149059697	0.78079456089999999
1.4	11	1.0	5.0	1.0	0.0	0.0	0.3894212246
1.0	11	1.0	3.0	1.0	0.0	0.0	0.48807454109999998
3.0	11	3.0	1.0	1.0	1.0	0.0	2.3377566338000002
2.4	11	3.0	1.0	1.0	1.0	0.95027053920000004	1.7008459568000001
2.2	11	2.0	1.0	1.0	1.0	0.0	1.6698262691000001
2.0	11	2.0	1.0	1.0	1.0	1.0114042647000001	1.4908330440999999
3.0	11	3.0	1.0	1.0	1.0	1.4750763111	1.3351585865
2.6	12	2.0	52.0	1.0	1.0	0.40570709379999997	0.85679423799999999
2.8	12	2.0	23.0	1.0	1.0	0.0	0.72260552600000005
1.8	12	2.0	22.0	1.0	0.0	1.4085788142	1.409057856
2.8	12	3.0	20.0	1.0	1.0	0.19144408199999999	0.70166957399999996
2.8	12	2.0	19.0	1.0	1.0	0.38050621849999999	0.66777861100000002
2.8	12	2.0	15.0	1.0	1.0	0.23379165869999999	0.653713286
2.8	12	3.0	13.0	1.0	1.0	0.25731864049999997	0.70166957399999996
2.8	12	2.0	12.0	1.0	1.0	0.27118937300000001	1.461309671
2.8	12	2.0	11.0	1.0	1.0	0.42932302189999999	1.1933388709999999
2.4	12	2.0	12.0	0.0	1.0	2.8191938559	0.77033984700000002
1.0	13	1.0	2.0	1.0	0.0	0.0	3.3974072933000001
2.4	13	3.0	1.0	1.0	1.0	0.0	2.6282937526999999
1.84	13	1.0	3.0	0.0	0.0	0.0	2.3905735016
1.0	13	1.0	2.0	1.0	0.0	0.0	1.8875666857
1.4	13	3.0	2.0	1.0	0.0	0.0	1.6987036467000001
1.0	13	1.0	2.0	1.0	0.0	0.0	1.3589628935
2.6	13	3.0	2.0	0.0	1.0	3.4001387914999999	0.87939286230000002
2.8	13	2.0	1.0	0.0	1.0	0.0	3.7547054290999999
2.3	13	3.0	1.0	1.0	0.0	0.0	2.6282937526999999
2.3	13	1.0	1.0	1.0	0.0	0.0	2.6282937526999999
1.0	14	1.0	2.0	1.0	0.0	0.0	3.3974072933000001
2.4	14	3.0	1.0	1.0	1.0	0.0	2.6282937526999999
1.84	14	1.0	3.0	0.0	0.0	0.0	2.3905735016
1.0	14	1.0	2.0	1.0	0.0	0.0	1.8875666857
1.4	14	3.0	2.0	1.0	0.0	0.0	1.6987036467000001
1.0	14	1.0	2.0	1.0	0.0	0.0	1.3589628935
2.6	14	3.0	2.0	0.0	1.0	3.4001387914999999	0.87939286230000002
2.8	14	2.0	1.0	0.0	1.0	0.0	3.7547054290999999
2.3	14	3.0	1.0	1.0	0.0	0.0	2.6282937526999999
2.3	14	1.0	1.0	1.0	0.0	0.0	2.6282937526999999
2.0	15	1.0	12.0	0.0	0.0	0.73562193980000001	0.36211982399999998
1.6	15	3.0	3.0	1.0	0.0	0.69314718060000002	0.70371758939999995
1.8	15	3.0	1.0	1.0	0.0	0.0	2.8217129707000002
1.4	15	1.0	1.0	1.0	0.0	0.0	1.5746817589
1.8	15	3.0	1.0	1.0	0.0	0.69314718060000002	1.0604799986
2.2	15	1.0	1.0	0.0	1.0	2.7144523516999999	0.91571348910000006
1.0	15	3.0	1.0	1.0	0.0	0.0	0.74034821989999999
1.0	15	3.0	1.0	1.0	0.0	0.0	0.53405112030000002
2.6	15	3.0	1.0	1.0	0.0	0.0	0.33869361879999998
1.8	15	1.0	2.0	0.0	0.0	1.735126457	0.0110223163
2.4	16	3.0	0.0	0.0	1.0	0.0	1.8267322778999999
1.4	16	1.0	1.0	0.0	0.0	0.63366325700000004	0.96934056280000003
1.0	16	3.0	1.0	0.0	0.0	0.0	0.48467028140000001
2.8	17	3.0	1.0	0.0	1.0	0.0	3.5744562149000001
1.46	17	3.0	1.0	1.0	0.0	0.0	3.5744562149000001
1.0	17	1.0	1.0	1.0	0.0	0.0	3.3881831169000001
2.2	17	3.0	1.0	1.0	0.0	0.0	3.1276493073
1.4	17	1.0	1.0	0.0	0.0	0.0	4.4680700301999998
1.2	17	1.0	1.0	0.0	0.0	0.0	3.5744562149000001
1.2	17	1.0	1.0	0.0	0.0	0.0	3.5744562149000001
1.8	17	3.0	1.0	0.0	0.0	0.0	2.6206297874
1.0	17	1.0	1.0	0.0	0.0	0.0	2.5699520110999998
2.6	17	3.0	0.0	0.0	1.0	0.0	1.7989664078000001
1.4	18	1.0	3.0	0.0	0.0	0.0	1.8201663494
1.4	18	1.0	1.0	1.0	0.0	0.0	2.1017470359999999
1.4	18	1.0	1.0	1.0	0.0	0.0	2.1017470359999999
1.4	18	1.0	1.0	1.0	0.0	0.0	2.1017470359999999
1.4	18	1.0	1.0	1.0	0.0	0.0	2.1017470359999999
1.0	18	3.0	2.0	0.0	0.0	0.0	1.8576993942
1.2	18	1.0	1.0	1.0	0.0	0.0	1.7647409438999999
1.2	18	3.0	1.0	1.0	0.0	0.0	1.7647409438999999
1.96	18	1.0	1.0	1.0	0.0	0.0	1.5347163677
1.56	18	1.0	2.0	0.0	0.0	0.0	1.4861595631
1.0	19	1.0	2.0	0.0	1.0	2.7949796239000002	1.2507911920999999
2.6	19	3.0	1.0	0.0	1.0	0.0	3.3737053870999998
3.0	19	3.0	1.0	0.0	1.0	1.9915093613999999	1.5443507433000001
1.4	19	3.0	1.0	1.0	0.0	0.0	1.4525938034000001
2.8	19	3.0	1.0	1.0	0.0	3.2596958136	1.0947930813
1.8	19	1.0	1.0	0.0	1.0	2.6117052050999998	1.0810455083999999
3.0	19	1.0	1.0	0.0	1.0	2.3670996033999998	1.0365370512000001
2.8	19	3.0	1.0	0.0	1.0	2.1065773332000002	0.96931672099999999
2.6	19	3.0	0.0	1.0	1.0	1.3321790402	0.89458870889999997
2.6	19	3.0	1.0	0.0	1.0	3.5201915828999999	0.78013443950000005
2.8	20	3.0	11.0	1.0	0.0	0.53596104970000003	1.131350517
3.0	20	2.0	5.0	1.0	1.0	0.0	1.3367934227
2.8	20	2.0	3.0	1.0	1.0	0.0	1.3609857559
2.4	20	3.0	4.0	1.0	0.0	0.86756322850000001	0.71539980169999995
1.8	20	3.0	2.0	1.0	1.0	1.0397207708	1.1454682350000001
2.6	20	3.0	2.0	1.0	1.0	0.0	1.0904488564000001
2.6	20	2.0	2.0	1.0	1.0	0.63651416829999996	1.0579392910000001
2.4	20	2.0	3.0	1.0	0.0	0.0	1.0016199349999999
2.2	20	2.0	3.0	1.0	0.0	0.0	0.70826733109999995
2.2	20	2.0	2.0	1.0	1.0	0.0	0.67436283829999999
1.8	21	3.0	9.0	1.0	0.0	0.32508297339999997	0.82664751999999997
3.0	21	1.0	1.0	1.0	0.0	0.0	1.9461975097999999
1.0	21	3.0	1.0	0.0	0.0	0.0	1.5931457281000001
1.56	21	3.0	1.0	0.0	0.0	0.0	1.5089187622
1.0	21	3.0	1.0	0.0	0.0	0.0	1.2806510925000001
1.0	21	1.0	1.0	0.0	0.0	0.0	1.1859562397000001
2.6	22	3.0	1.0	0.0	1.0	3.5777311379999999	2.9166498183999998
1.8	22	3.0	1.0	0.0	0.0	0.0	3.3289527893000002
1.0	22	1.0	1.0	0.0	0.0	0.0	2.496714592
1.4	22	1.0	1.0	0.0	0.0	0.69314718060000002	1.3678979873999999
1.0	22	1.0	1.0	0.0	0.0	0.0	0.6861617565
2.0	23	1.0	13.0	0.0	0.0	0.0	0.454458058
1.8	23	1.0	4.0	0.0	0.0	0.68290810469999996	0.30171692369999997
1.0	23	1.0	2.0	1.0	0.0	0.63651416829999996	0.58837461469999996
1.6	23	3.0	2.0	0.0	0.0	0.63651416829999996	1.5410048962
1.0	23	3.0	1.0	1.0	0.0	0.0	1.3909374475
1.0	23	3.0	1.0	1.0	0.0	0.0	1.1989603042999999
1.0	23	1.0	1.0	1.0	0.0	0.0	0.99913358689999998
1.0	23	1.0	1.0	1.0	0.0	0.69314718060000002	0.62217187880000002
1.0	23	1.0	1.0	1.0	0.0	0.0	0.45971995589999998
2.6	23	3.0	1.0	1.0	0.0	0.69314718060000002	0.35822993520000002
1.0	24	3.0	6.0	0.0	0.0	0.69314718060000002	2.1163237095
2.6	24	1.0	2.0	1.0	0.0	0.63651416829999996	0.30775406960000001
1.8	24	1.0	1.0	1.0	0.0	0.69314718060000002	2.1599638462000001
1.0	24	1.0	1.0	1.0	0.0	0.0	2.1382553576999999
2.8	24	3.0	1.0	0.0	1.0	1.0986122887000001	1.7279710770000001
1.0	24	1.0	1.0	1.0	0.0	0.0	1.2218601704000001
1.0	24	3.0	1.0	1.0	0.0	0.0	1.1735799312999999
1.4	24	3.0	1.0	1.0	0.0	0.0	1.0569632053
1.0	24	1.0	1.0	1.0	0.0	0.0	1.0018960238000001
1.0	24	1.0	1.0	1.0	0.0	0.0	0.78716820480000005
2.4	25	3.0	1.0	1.0	1.0	0.0	1.9155461788000001
2.2	25	1.0	1.0	1.0	0.0	0.0	0.14406043290000001
1.0	26	1.0	2.0	1.0	0.0	0.0	1.2248655557999999
2.0	26	2.0	2.0	0.0	1.0	2.7363390510999999	0.81860482690000003
2.6	26	3.0	2.0	0.0	1.0	3.7952575194999998	0.60014605519999997
2.8	26	1.0	3.0	0.0	0.0	3.6961187132000002	0.58852177859999999
2.2	26	1.0	3.0	0.0	0.0	0.0	0.31285265089999997
2.0	26	2.0	2.0	0.0	1.0	3.209376072	0.2849842608
1.0	26	2.0	1.0	1.0	0.0	0.69314718060000002	2.8580195904000001
1.4	26	3.0	1.0	1.0	0.0	0.0	2.4497311114999998
2.8	26	1.0	1.0	0.0	1.0	0.0	2.3096284865999999
1.4	26	3.0	1.0	1.0	0.0	0.0	2.3096284865999999
2.2	27	1.0	3.0	0.0	0.0	0.0	0.23062987630000001
1.0	27	1.0	1.0	1.0	0.0	0.0	1.2226541042000001
1.0	27	1.0	2.0	0.0	0.0	0.0	0.6771941185
1.0	27	1.0	1.0	1.0	0.0	0.0	0.58401668070000001
1.0	27	1.0	1.0	0.0	0.0	0.0	2.7254011630999999
1.0	27	1.0	1.0	0.0	0.0	0.0	2.7254011630999999
1.8	27	1.0	1.0	0.0	0.0	0.0	2.0440509319000002
1.4	27	1.0	1.0	0.0	0.0	0.0	1.7033758162999999
1.0	27	1.0	1.0	0.0	0.0	0.0	1.3627005816
1.0	27	1.0	1.0	0.0	0.0	0.0	1.3627005816
1.8	28	3.0	1.0	1.0	0.0	0.0	2.7950415611000001
1.0	28	3.0	1.0	1.0	0.0	0.0	0.78884220120000004
1.0	29	3.0	10.0	0.0	1.0	2.46707856	1.2064836029999999
1.8	29	1.0	3.0	1.0	0.0	0.69314718060000002	2.6675763130000001
1.4	29	3.0	3.0	1.0	0.0	0.0	2.5641815661999998
2.4	29	1.0	2.0	0.0	1.0	2.3588841305999999	0.71122777459999997
1.0	29	3.0	2.0	1.0	0.0	1.0397207708	0.47645217179999999
3.0	29	3.0	1.0	0.0	1.0	0.0	2.5123093127999998
2.8	29	3.0	0.0	1.0	1.0	1.5607104089999999	1.0674636364000001
1.0	29	1.0	1.0	1.0	0.0	0.0	1.0467954874000001
2.6	29	1.0	1.0	0.0	1.0	1.5607104089999999	1.0467954874000001
2.6	29	1.0	1.0	0.0	1.0	1.5607104089999999	0.93271678690000004
2.2	30	1.0	11.0	1.0	0.0	0.28683598310000002	0.94237732900000004
2.4	30	3.0	11.0	1.0	0.0	0.0	0.51436656700000005
3.0	30	3.0	6.0	1.0	1.0	0.73562193980000001	0.76542174819999997
3.0	30	3.0	3.0	1.0	1.0	0.0	1.0315161943
2.6	30	1.0	4.0	1.0	0.0	0.50040242349999997	0.64436262850000003
2.2	30	2.0	2.0	1.0	1.0	0.0	1.203435421
2.2	30	2.0	3.0	1.0	0.0	0.0	0.6864383221
2.0	30	3.0	4.0	0.0	0.0	0.0	0.48626136780000001
1.0	30	1.0	2.0	1.0	0.0	0.0	1.8428601027
2.2	30	2.0	1.0	1.0	1.0	0.0	1.8146117926000001
2.6	31	2.0	52.0	1.0	1.0	0.40570709379999997	0.85679423799999999
2.8	31	2.0	23.0	1.0	1.0	0.0	0.72260552600000005
1.8	31	2.0	22.0	1.0	0.0	1.4085788142	1.409057856
2.8	31	3.0	20.0	1.0	1.0	0.19144408199999999	0.70166957399999996
2.8	31	2.0	19.0	1.0	1.0	0.38050621849999999	0.66777861100000002
2.8	31	2.0	15.0	1.0	1.0	0.23379165869999999	0.653713286
2.8	31	3.0	13.0	1.0	1.0	0.25731864049999997	0.70166957399999996
2.8	31	2.0	12.0	1.0	1.0	0.27118937300000001	1.461309671
2.8	31	2.0	11.0	1.0	1.0	0.42932302189999999	1.1933388709999999
2.4	31	2.0	12.0	0.0	1.0	2.8191938559	0.77033984700000002
2.2	32	2.0	10.0	0.0	1.0	2.8191938559	0.80904972600000002
1.8	32	2.0	5.0	1.0	0.0	1.9712506785999999	1.0324540138
2.2	32	2.0	5.0	1.0	0.0	1.149059697	0.78079456089999999
1.4	32	1.0	5.0	1.0	0.0	0.0	0.3894212246
1.0	32	1.0	3.0	1.0	0.0	0.0	0.48807454109999998
3.0	32	3.0	1.0	1.0	1.0	0.0	2.3377566338000002
2.4	32	3.0	1.0	1.0	1.0	0.95027053920000004	1.7008459568000001
2.2	32	2.0	1.0	1.0	1.0	0.0	1.6698262691000001
2.0	32	2.0	1.0	1.0	1.0	1.0114042647000001	1.4908330440999999
3.0	32	3.0	1.0	1.0	1.0	1.4750763111	1.3351585865
2.6	33	2.0	10.0	1.0	1.0	0.73876784129999995	1.5963308810000001
2.8	33	3.0	4.0	1.0	1.0	2.2200253278000002	0.97765707970000004
2.4	33	3.0	4.0	1.0	0.0	0.95569989109999998	1.4294308424
2.2	33	1.0	1.0	1.0	1.0	0.0	1.6676692962999999
1.8	33	3.0	1.0	1.0	1.0	0.0	1.4973542689999999
2.2	33	3.0	1.0	1.0	1.0	0.69314718060000002	0.91199982170000005
1.0	33	1.0	2.0	1.0	0.0	0.0	0.69301956890000005
1.0	33	1.0	2.0	1.0	0.0	1.0397207708	0.65912973880000003
1.0	33	1.0	2.0	1.0	0.0	0.0	0.5198221207
2.4	33	2.0	1.0	1.0	1.0	1.0986122887000001	0.41691732409999999
3.0	34	3.0	20.0	1.0	1.0	0.0	1.056619167
2.2	34	2.0	6.0	1.0	1.0	0.0	1.2135417461
2.2	34	2.0	4.0	0.0	1.0	0.0	1.3127748965999999
3.0	34	3.0	2.0	1.0	1.0	0.0	1.9614548682999999
2.8	34	3.0	2.0	1.0	1.0	0.63651416829999996	1.5056760310999999
2.4	34	2.0	2.0	1.0	1.0	0.0	1.2811866998999999
1.8	34	2.0	3.0	0.0	1.0	0.67301166700000004	1.2628631591999999
3.0	34	3.0	2.0	1.0	1.0	0.63651416829999996	1.2321388720999999
1.8	34	2.0	2.0	1.0	0.0	0.0	2.1742458344000002
2.55	34	3.0	1.0	1.0	1.0	0.0	2.0498986243999999
2.0	35	3.0	0.0	1.0	1.0	0.0	1.0413068533000001
2.0	35	3.0	0.0	1.0	1.0	0.0	0.72891473770000004
2.8	35	3.0	0.0	1.0	1.0	1.0986122887000001	0.5410789251
2.6	35	1.0	0.0	0.0	1.0	0.0	1.6660908460999999
2.2	35	1.0	0.0	0.0	1.0	0.0	0.33807322379999999
2.8	36	3.0	26.0	1.0	1.0	0.15841057010000001	0.75892913299999998
2.8	36	3.0	17.0	0.0	2.0	0.0	0.75505995800000003
2.6	36	3.0	16.0	0.0	2.0	2.1996965090999998	0.73132967900000001
2.4	36	3.0	12.0	0.0	2.0	1.8524729805	1.0627312659999999
2.8	36	2.0	9.0	1.0	1.0	0.32508297339999997	1.3211818930000001
3.0	36	3.0	9.0	1.0	1.0	0.86871968290000001	0.69100403799999999
2.0	36	3.0	8.0	1.0	1.0	0.82395921650000004	1.1587717529999999
2.2	36	1.0	8.0	1.0	0.0	0.34883209580000002	0.77755707500000004
2.4	36	3.0	7.0	0.0	1.0	1.2342678660999999	0.93451875449999999
2.6	36	1.0	6.0	1.0	1.0	1.4276287464999999	0.86509412529999996
1.6	37	1.0	49.0	0.0	0.0	0.74142775059999999	0.42622780799999999
2.4	37	2.0	7.0	1.0	1.0	1.5670812293	1.5633134842
3.0	37	3.0	3.0	1.0	0.0	0.0	0.6039846539
2.6	37	2.0	1.0	1.0	1.0	0.0	3.3139901160999998
3.0	37	3.0	1.0	1.0	1.0	0.0	2.4854924678999999
2.4	37	2.0	1.0	1.0	1.0	0.0	1.8446801901000001
1.4	37	2.0	2.0	1.0	0.0	0.0	1.7102310657999999
1.2	37	1.0	3.0	0.0	0.0	0.95027053920000004	1.4000294208999999
1.0	37	2.0	2.0	1.0	0.0	0.0	0.96046811340000005
2.0	37	3.0	1.0	1.0	1.0	0.0	0.75584495070000002
2.6	38	3.0	3.0	1.0	1.0	0.0	1.8992646932999999
1.4	38	1.0	5.0	0.0	0.0	0.0	0.22747005519999999
2.2	38	1.0	4.0	0.0	0.0	0.50040242349999997	1.3173506260000001
3.0	38	2.0	1.0	1.0	1.0	0.63651416829999996	2.5105345249000002
2.4	38	2.0	1.0	1.0	1.0	0.95327101469999997	1.7564675808000001
1.6	38	3.0	3.0	0.0	0.0	1.6674619334	0.8925668001
1.6	38	1.0	3.0	0.0	0.0	0.69314718060000002	0.48098915819999999
2.4	38	3.0	1.0	0.0	1.0	0.69314718060000002	2.6347012520000002
1.0	38	3.0	1.0	1.0	0.0	0.0	2.4840202331999999
1.0	38	1.0	1.0	1.0	0.0	0.69314718060000002	2.0196480751000001
2.8	39	3.0	69.0	1.0	2.0	1.5078492341	1.570055604
2.8	39	3.0	22.0	0.0	1.0	0.78430986869999997	1.707742214
3.0	39	3.0	19.0	1.0	2.0	1.4439664041	1.0240535740000001
2.8	39	3.0	11.0	1.0	1.0	0.0	0.59989809999999999
2.4	39	1.0	12.0	1.0	0.0	0.27118937300000001	0.57927256800000004
2.4	39	1.0	9.0	1.0	2.0	0.32508297339999997	0.38981652300000003
2.6	39	3.0	10.0	1.0	0.0	0.0	0.76884555799999998
2.8	39	3.0	8.0	1.0	1.0	0.0	1.270222425
2.8	39	1.0	8.0	0.0	0.0	0.0	0.97202456000000004
3.0	39	3.0	5.0	1.0	0.0	0.0	1.1748871803000001
1.8	40	3.0	1.0	1.0	0.0	0.0	4.0376024246000002
1.8	40	2.0	1.0	1.0	0.0	0.0	3.9416275023999998
2.8	40	3.0	1.0	0.0	1.0	0.0	3.5193796158000001
1.46	40	1.0	1.0	1.0	0.0	0.0	3.5193796158000001
3.0	40	1.0	1.0	0.0	1.0	0.0	3.079457283
3.0	40	3.0	1.0	0.0	1.0	0.50040242349999997	1.7596898079000001
1.4	40	1.0	1.0	1.0	0.0	0.0	1.5690587759000001
1.4	40	1.0	1.0	1.0	0.0	0.69314718060000002	1.2131659985000001
1.8	40	1.0	1.0	1.0	0.0	0.95027053920000004	1.1421897410999999
1.4	40	1.0	1.0	1.0	0.0	0.69314718060000002	0.48526638750000001
2.2	41	3.0	1.0	1.0	1.0	1.9792045173999999	3.0287480354
2.2	41	3.0	1.0	1.0	1.0	0.0	3.0287480354
1.2	41	1.0	3.0	0.0	0.0	0.0	2.3328380585000001
2.4	41	3.0	2.0	0.0	1.0	1.7478680975000001	1.4481685162
1.4	41	3.0	2.0	0.0	1.0	2.46707856	0.57584196330000004
2.8	41	3.0	1.0	0.0	1.0	0.0	3.7859354019000002
2.4	41	3.0	1.0	0.0	1.0	0.0	1.9308912754000001
1.0	41	3.0	1.0	1.0	0.0	0.0	1.8929677009999999
2.4	41	1.0	1.0	0.0	1.0	0.0	1.8929677009999999
1.16	41	2.0	1.0	1.0	0.0	0.0	1.5268856287000001
2.6	42	3.0	1.0	1.0	1.0	1.0986122887000001	0.84439110760000002
1.8	42	3.0	1.0	0.0	0.0	0.0	2.2819619178999999
1.0	42	1.0	1.0	0.0	0.0	0.0	1.818407774
1.0	42	1.0	1.0	0.0	0.0	0.0	1.1528048515
1.0	42	1.0	1.0	0.0	0.0	0.0	1.1528048515
1.4	42	1.0	1.0	0.0	0.0	0.0	1.1235799789000001
1.0	42	1.0	1.0	0.0	0.0	0.0	0.8234320879
1.0	42	1.0	1.0	0.0	0.0	0.0	0.78001511099999998
1.0	42	1.0	1.0	0.0	0.0	0.0	0.49405923489999998
2.6	42	1.0	1.0	0.0	0.0	0.0	0.3293728232
1.6	43	1.0	17.0	0.0	0.0	0.0	0.22761051400000001
2.4	43	3.0	4.0	1.0	1.0	2.9186795923000002	0.46414625640000001
2.6	43	3.0	4.0	1.0	0.0	0.69314718060000002	0.72364336250000005
1.8	43	1.0	3.0	0.0	1.0	2.9406276036999999	0.70692402119999997
1.6	43	3.0	3.0	1.0	0.0	1.4941751382999999	0.59793311360000001
1.0	43	1.0	2.0	1.0	0.0	0.0	0.72329854969999996
1.4	43	1.0	2.0	1.0	0.0	0.0	0.38499116900000002
2.4	43	3.0	1.0	1.0	1.0	1.6094379124	0.25572466849999997
2.2	43	1.0	2.0	1.0	0.0	0.0	0.078598901600000007
1.0	43	1.0	1.0	1.0	0.0	0.0	1.0228986739999999
2.8	44	1.0	8.0	1.0	0.0	0.34883209580000002	1.1871848106
3.0	44	2.0	4.0	1.0	1.0	0.0	1.2735008001000001
2.8	44	3.0	4.0	1.0	0.0	0.0	0.78714394570000001
1.8	44	1.0	3.0	1.0	0.0	0.0	1.7590087651999999
1.8	44	1.0	3.0	1.0	0.0	0.0	1.7590087651999999
2.6	44	1.0	2.0	1.0	1.0	1.3321790402	1.0155642033000001
3.0	44	2.0	1.0	1.0	1.0	0.0	2.5389106274
2.5	44	1.0	1.0	1.0	1.0	0.0	2.0311284065000001
2.2	44	3.0	2.0	0.0	1.0	0.0	1.927631259
2.4	44	2.0	1.0	1.0	1.0	0.69314718060000002	1.7772374152999999
1.6	45	1.0	4.0	1.0	0.0	0.0	2.6335299015000002
1.0	45	1.0	4.0	0.0	0.0	0.0	2.3734960556
1.0	45	1.0	4.0	0.0	0.0	0.0	2.2699828148000001
2.8	45	2.0	2.0	1.0	1.0	0.0	1.2742708921000001
2.4	45	3.0	1.0	1.0	1.0	0.0	2.6335299015000002
2.4	45	2.0	1.0	1.0	1.0	0.0	2.6335299015000002
2.2	45	3.0	1.0	1.0	1.0	0.0	1.6051201820000001
1.4	45	3.0	2.0	1.0	0.0	0.0	0.38856706019999998
2.8	45	3.0	1.0	1.0	0.0	0.0	2.6335299015000002
2.8	45	3.0	1.0	1.0	0.0	0.0	2.6335299015000002
3.0	46	3.0	2.0	1.0	1.0	0.63651416829999996	1.9816230535999999
1.4	46	3.0	3.0	0.0	0.0	1.4750763111	1.1661427020999999
2.4	46	3.0	1.0	0.0	1.0	0.0	2.4271345139
2.0	46	2.0	2.0	0.0	0.0	0.63903185969999998	2.3152797222000001
1.0	46	1.0	1.0	1.0	0.0	0.0	1.2367999554
2.0	46	3.0	1.0	0.0	1.0	2.5649493575000002	0.5944869518
2.2	46	1.0	1.0	1.0	0.0	0.0	0.34673348069999999
1.0	46	1.0	1.0	0.0	0.0	0.0	0.86875438689999995
2.0	46	1.0	0.0	0.0	1.0	1.5810937502	0.76180452109999997
2.4	46	3.0	1.0	0.0	0.0	3.584236502	0.65981835129999999
1.2	47	1.0	1.0	1.0	0.0	0.0	2.1713140010999998
3.0	47	3.0	1.0	0.0	1.0	0.0	2.1713140010999998
1.0	47	1.0	1.0	0.0	0.0	0.0	2.8950853348000001
1.0	47	1.0	1.0	0.0	0.0	0.0	2.8950853348000001
1.0	47	1.0	1.0	0.0	0.0	0.0	2.8950853348000001
1.0	47	1.0	1.0	0.0	0.0	0.0	1.8094284534
1.4	47	1.0	1.0	0.0	0.0	0.0	1.7232868670999999
1.0	47	3.0	1.0	0.0	0.0	0.0	1.4475426674
1.0	47	3.0	1.0	0.0	0.0	0.69314718060000002	0.59097224469999998
2.2	47	1.0	1.0	0.0	0.0	0.0	0.1809428334
2.2	48	1.0	9.0	1.0	0.0	0.0	0.45336362699999999
2.6	48	3.0	4.0	0.0	1.0	3.4811513278000001	0.5555276871
2.8	48	3.0	2.0	1.0	1.0	0.0	0.93046295639999999
2.0	48	1.0	3.0	0.0	1.0	0.0	0.73835366960000004
2.2	48	3.0	1.0	1.0	1.0	0.0	1.3145294189000001
2.4	48	1.0	2.0	0.0	1.0	1.0397207708	0.93046295639999999
2.2	48	3.0	1.0	1.0	1.0	0.0	0.35490393640000001
2.4	48	3.0	1.0	0.0	1.0	1.3862943611	2.2084751129
2.2	48	1.0	1.0	1.0	0.0	0.0	1.9717941284
1.0	48	1.0	1.0	1.0	0.0	0.0	1.6431617736999999
2.6	49	2.0	10.0	0.0	1.0	1.8561561816000001	1.0829280610000001
2.4	49	2.0	4.0	0.0	1.0	1.2148896539	1.8558869361999999
1.6	49	1.0	5.0	0.0	0.0	1.5832584594000001	1.7589424848999999
2.8	49	3.0	3.0	0.0	1.0	1.8848713336	1.2799024582
2.8	49	3.0	3.0	0.0	1.0	1.4941751382999999	1.2159366608
2.6	49	1.0	3.0	0.0	1.0	2.0844297682000001	1.0836235285
1.8	49	2.0	4.0	0.0	0.0	0.50040242349999997	0.48005026579999999
2.0	49	3.0	1.0	1.0	1.0	0.0	3.4482164382999998
2.2	49	3.0	1.0	1.0	1.0	0.0	2.7585730552999999
2.2	49	1.0	2.0	0.0	1.0	0.63651416829999996	2.3889942169
2.4	50	3.0	5.0	0.0	1.0	1.6580626988	1.3531656265000001
2.0	50	3.0	2.0	1.0	1.0	0.0	2.8595044612999998
2.6	50	3.0	1.0	1.0	1.0	0.0	3.3699584006999999
2.84	50	3.0	2.0	1.0	0.0	0.0	2.3829202652000001
3.0	50	3.0	1.0	1.0	1.0	0.0	1.5454435349
2.6	50	3.0	1.0	1.0	0.0	0.0	2.6959667206
1.0	50	1.0	1.0	1.0	0.0	0.0	2.4812319279000001
1.0	50	2.0	1.0	1.0	0.0	0.0	1.9015288352999999
2.6	50	3.0	1.0	0.0	1.0	1.6094379124	1.1794854402999999
2.2	50	3.0	1.0	0.0	1.0	0.69314718060000002	1.0831854343
2.0	51	2.0	3.0	1.0	1.0	0.0	2.6823358536000002
1.6	51	1.0	3.0	0.0	0.0	0.0	2.1458687782000001
1.0	51	1.0	1.0	1.0	0.0	0.0	2.4778358936
1.4	51	3.0	2.0	0.0	0.0	0.69314718060000002	2.1681063174999999
2.4	51	2.0	1.0	0.0	1.0	1.9459101490999999	1.1773486137
1.8	51	1.0	1.0	1.0	0.0	0.69314718060000002	1.1430912017999999
1.8	51	3.0	2.0	0.0	0.0	0.69314718060000002	1.0840531588
2.0	51	2.0	1.0	0.0	1.0	0.68856736929999995	0.94009369610000004
3.0	51	2.0	2.0	0.0	0.0	1.5571130981000001	0.888258934
1.8	51	1.0	1.0	0.0	0.0	0.69314718060000002	2.6281418799999998
2.8	52	2.0	15.0	1.0	1.0	0.23379165869999999	0.78232550599999995
2.2	52	3.0	8.0	1.0	0.0	0.0	0.4752166867
1.2	52	3.0	7.0	0.0	0.0	0.0	2.8431963920999999
3.0	52	2.0	3.0	1.0	1.0	0.5623351446	1.4030776024
1.4	52	3.0	3.0	1.0	0.0	0.0	0.36563572290000002
1.0	52	2.0	2.0	1.0	0.0	0.63651416829999996	1.2281454802
1.0	52	2.0	2.0	1.0	0.0	0.0	0.96081721779999996
1.0	52	3.0	2.0	1.0	0.0	0.63651416829999996	0.58213269710000004
2.6	52	1.0	2.0	1.0	0.0	0.0	0.28824520110000001
1.8	52	3.0	1.0	1.0	0.0	0.0	3.9048197269
1.4	53	2.0	1.0	1.0	0.0	0.0	2.4681727886
1.0	53	1.0	1.0	1.0	0.0	0.0	0.65111315250000001
1.2	53	1.0	1.0	0.0	0.0	0.0	3.0540924072000002
1.4	53	2.0	1.0	0.0	0.0	0.0	2.4681727886
1.0	53	1.0	1.0	0.0	0.0	0.0	0.51420265440000001
1.6	54	3.0	46.0	0.0	0.0	0.0	0.53589701700000003
2.8	54	3.0	22.0	0.0	1.0	2.3974572448	1.141094804
1.8	54	1.0	17.0	0.0	0.0	1.1808043878000001	0.68206197000000002
2.8	54	3.0	10.0	1.0	1.0	0.0	0.88988709399999999
2.2	54	1.0	8.0	1.0	1.0	1.8973675671000001	0.85392844700000003
2.4	54	3.0	7.0	0.0	1.0	1.1710598699999999	0.7366804481
2.4	54	1.0	6.0	0.0	1.0	1.1626998335000001	0.77994114160000005
1.4	54	1.0	6.0	0.0	0.0	1.529248293	0.96968269350000003
2.3	54	3.0	3.0	1.0	1.0	0.0	2.0764033793999999
2.4	54	3.0	4.0	0.0	1.0	0.0	1.5103983879
2.0	55	1.0	43.0	0.0	0.0	0.60282966140000005	0.34721794700000003
1.6	55	1.0	21.0	0.0	0.0	0.0	0.41306525500000002
1.6	55	2.0	8.0	1.0	0.0	1.3517839943000001	1.6348237991000001
1.8	55	1.0	7.0	0.0	1.0	0.0	0.53763443229999996
2.6	55	2.0	3.0	1.0	1.0	0.69314718060000002	2.2325470448
2.0	55	1.0	5.0	0.0	0.0	0.0	0.48620951179999999
1.6	55	1.0	3.0	0.0	0.0	0.0	0.47743636369999998
1.6	55	1.0	3.0	0.0	0.0	0.0	0.4057485461
2.2	55	1.0	3.0	0.0	0.0	0.0	0.23304310440000001
2.2	55	1.0	3.0	0.0	0.0	0.70291893080000001	0.2290492952
2.8	56	3.0	20.0	1.0	1.0	0.0	1.3816899060000001
2.0	56	2.0	20.0	0.0	0.0	0.0	0.46959155800000002
1.4	56	1.0	4.0	1.0	0.0	0.0	0.16930085419999999
2.6	56	2.0	2.0	1.0	1.0	0.0	1.5152189732000001
1.8	56	2.0	2.0	1.0	1.0	1.0397207708	1.1411719322
2.6	56	3.0	1.0	1.0	1.0	0.0	2.6159861088
2.6	56	1.0	1.0	1.0	1.0	0.0	2.6159861088
2.6	56	2.0	1.0	1.0	1.0	0.0	2.6159861088
3.0	56	3.0	1.0	1.0	1.0	0.69314718060000002	2.2422738075000002
2.6	56	2.0	2.0	0.0	1.0	0.0	2.0202918052999999
1.0	57	3.0	4.0	1.0	0.0	0.0	0.37626081709999998
1.8	57	1.0	3.0	1.0	0.0	0.5623351446	0.61088454719999996
2.4	57	2.0	2.0	1.0	0.0	1.7478680975000001	0.85848194359999996
2.2	57	1.0	2.0	1.0	0.0	0.0	0.35467237229999998
2.6	57	1.0	2.0	1.0	0.0	1.0397207708	0.32776758070000001
1.0	57	1.0	1.0	1.0	0.0	0.0	2.3488507270999999
1.8	57	1.0	1.0	1.0	0.0	0.0	2.0133006572999999
1.4	57	3.0	1.0	1.0	0.0	0.0	1.6777505875000001
1.0	57	1.0	1.0	1.0	0.0	0.0	1.2017178534999999
1.4	57	1.0	1.0	1.0	0.0	0.69314718060000002	0.94907903670000004
2.4	58	3.0	5.0	1.0	1.0	1.4142790650999999	0.89353221650000003
3.0	58	3.0	3.0	1.0	1.0	0.0	1.0722386837
2.8	58	3.0	4.0	1.0	0.0	0.0	0.928585887
2.2	58	1.0	3.0	0.0	1.0	1.2424533249	1.7153780460000001
1.0	58	3.0	1.0	1.0	0.0	0.0	1.7870644331000001
2.4	58	3.0	1.0	0.0	1.0	1.0986122887000001	1.4210062027000001
1.4	58	3.0	1.0	1.0	0.0	0.0	1.1051355599999999
1.2	58	1.0	1.0	0.0	0.0	0.69314718060000002	3.0327486991999999
1.0	58	1.0	1.0	0.0	0.0	0.0	2.5018901824999999
2.6	58	1.0	0.0	0.0	1.0	0.0	1.7870644331000001
2.2	59	3.0	1.0	1.0	1.0	0.0	1.675460577
1.4	59	3.0	1.0	1.0	0.0	0.0	1.1280879974
1.4	59	3.0	1.0	1.0	0.0	0.0	1.119907856
1.0	59	3.0	1.0	1.0	0.0	0.0	0.83773028849999998
1.0	59	3.0	1.0	1.0	0.0	0.0	0.67194473740000005
1.0	59	3.0	1.0	1.0	0.0	0.0	0.67194473740000005
1.0	59	1.0	1.0	0.0	0.0	0.0	1.4472513199000001
1.0	59	1.0	1.0	0.0	0.0	0.0	0.7087409496
2.6	60	3.0	16.0	1.0	1.0	0.70834657769999998	0.82004213299999995
2.4	60	3.0	16.0	1.0	1.0	0.0	0.47921341699999997
2.8	60	3.0	7.0	1.0	1.0	0.37677016130000002	1.24494946
2.2	60	2.0	6.0	0.0	1.0	0.4101163183	1.5295374393000001
2.4	60	2.0	5.0	0.0	1.0	0.45056120890000001	1.1112279892000001
1.4	60	3.0	4.0	1.0	0.0	0.0	0.28620937470000002
2.8	60	2.0	2.0	1.0	1.0	0.69314718060000002	1.8385695219
2.6	60	2.0	1.0	1.0	1.0	0.0	1.0888354778
2.8	60	3.0	1.0	1.0	1.0	0.0	1.0151543617000001
2.2	60	2.0	1.0	1.0	1.0	0.63651416829999996	0.95840096470000002
2.6	61	3.0	4.0	1.0	1.0	0.0	0.60830533499999995
2.8	61	2.0	3.0	0.0	1.0	1.9722469793999999	1.1774382591000001
1.8	61	2.0	3.0	1.0	0.0	0.0	0.60759663580000001
1.6	61	1.0	4.0	0.0	0.0	0.0	0.44598567490000002
2.4	61	1.0	1.0	1.0	1.0	0.0	1.9723174572
1.0	61	1.0	2.0	1.0	0.0	0.0	1.2504879235999999
1.4	61	1.0	3.0	0.0	0.0	0.0	0.96321374179999997
1.0	61	2.0	2.0	1.0	0.0	0.0	0.70439910890000001
1.0	61	3.0	2.0	1.0	0.0	0.63651416829999996	0.70085024829999998
2.2	61	2.0	2.0	0.0	1.0	0.0	0.58871912959999995
1.0	62	1.0	1.0	0.0	0.0	0.0	1.4257791042000001
1.4	63	1.0	1.0	1.0	0.0	0.0	2.8335692883000001
1.8	63	2.0	1.0	1.0	0.0	0.0	2.0865650176999999
1.0	63	1.0	1.0	1.0	0.0	0.0	1.4167846441
1.4	63	1.0	1.0	1.0	0.0	0.0	1.1032965183000001
1.4	63	1.0	1.0	1.0	0.0	0.0	0.37369629739999999
1.6	63	3.0	1.0	0.0	0.0	0.69314718060000002	1.7511686087
1.0	63	1.0	1.0	0.0	0.0	0.0	1.4167846441
1.0	63	1.0	1.0	0.0	0.0	0.0	1.4167846441
2.6	63	1.0	1.0	0.0	0.0	1.3862943611	0.70839232210000003
2.6	63	1.0	1.0	0.0	0.0	0.69314718060000002	0.081216111800000004
2.0	64	1.0	72.0	0.0	0.0	0.88454451649999999	0.57957327400000003
1.6	64	1.0	22.0	0.0	0.0	0.94959366769999998	0.42850077199999997
2.8	64	2.0	12.0	1.0	1.0	0.5091373441	1.588055134
3.0	64	3.0	12.0	0.0	0.0	0.0	1.2995326519999999
2.2	64	1.0	5.0	0.0	0.0	0.45056120890000001	1.4206511974
1.6	64	1.0	4.0	0.0	0.0	0.63651416829999996	2.0486783980999999
2.2	64	3.0	2.0	1.0	1.0	0.0	1.7412440777
1.8	64	3.0	4.0	0.0	0.0	0.0	1.5005712509
2.2	64	3.0	2.0	1.0	1.0	0.69314718060000002	0.91911685470000004
3.0	64	3.0	3.0	1.0	0.0	0.0	0.60289806130000001
2.6	65	1.0	13.0	1.0	0.0	0.64830255780000001	1.3707656859999999
2.6	65	1.0	12.0	1.0	0.0	0.67860715169999997	1.3818483349999999
2.8	65	3.0	5.0	1.0	0.0	0.45056120890000001	0.71416264770000004
2.2	65	1.0	3.0	1.0	0.0	0.0	0.70574700830000003
1.4	65	3.0	3.0	0.0	0.0	0.95027053920000004	0.91702485079999996
3.0	65	3.0	1.0	1.0	0.0	0.0	2.6638298035000001
1.0	65	1.0	1.0	1.0	0.0	0.0	2.1310636996999999
1.0	65	1.0	1.0	1.0	0.0	0.0	2.1310636996999999
1.0	65	3.0	1.0	1.0	0.0	0.0	1.8646807671000001
2.4	65	1.0	1.0	0.0	1.0	0.0	1.8646807671000001
3.0	66	3.0	1.0	1.0	1.0	0.0	2.3256921768000001
2.6	66	3.0	1.0	1.0	0.0	0.0	3.3289713860000001
1.2	66	3.0	2.0	0.0	0.0	0.0	1.7380676269999999
2.0	66	3.0	0.0	1.0	1.0	0.0	1.3566538095
2.2	66	3.0	1.0	1.0	0.0	0.0	1.3315885067
1.0	66	1.0	1.0	1.0	0.0	0.0	0.85920429229999995
1.0	66	1.0	1.0	1.0	0.0	0.0	0.64440321919999999
1.0	66	1.0	1.0	1.0	0.0	0.0	0.53700268269999996
1.0	66	1.0	2.0	0.0	0.0	0.0	0.51277440789999995
1.8	66	3.0	1.0	0.0	1.0	0.4929931541	0.42960214610000003
2.2	67	3.0	2.0	1.0	1.0	2.7470100788999998	2.7217860221999999
1.0	68	1.0	2.0	1.0	0.0	0.0	0.54318696259999999
1.0	68	3.0	1.0	1.0	0.0	0.0	2.8672454357000001
1.4	68	1.0	1.0	1.0	0.0	0.69314718060000002	1.2671554088999999
1.4	68	1.0	1.0	1.0	0.0	0.69314718060000002	0.41786181929999999
1.0	68	1.0	1.0	1.0	0.0	0.0	0.40892821550000003
2.2	68	1.0	2.0	0.0	0.0	0.0	0.3598489165
2.2	68	1.0	2.0	0.0	0.0	0.63651416829999996	0.18562829489999999
1.0	68	1.0	1.0	0.0	0.0	0.0	2.8672454357000001
1.0	68	1.0	1.0	0.0	0.0	0.0	2.8672454357000001
1.0	68	3.0	1.0	0.0	0.0	0.0	2.8672454357000001
1.8	69	1.0	17.0	0.0	0.0	0.75096877819999996	0.45387202500000001
2.6	69	2.0	5.0	1.0	1.0	0.0	0.98796910049999997
2.6	69	1.0	3.0	1.0	1.0	0.0	0.61504936219999995
2.0	69	2.0	1.0	1.0	1.0	0.88557415159999997	2.8227689265999998
1.0	69	3.0	2.0	1.0	0.0	0.63651416829999996	1.0145683289
1.0	69	1.0	1.0	1.0	0.0	0.0	3.3873226643000001
1.8	69	1.0	1.0	1.0	0.0	0.0	2.8227689265999998
1.8	69	1.0	1.0	1.0	0.0	0.0	2.8227689265999998
1.8	69	3.0	1.0	1.0	0.0	0.0	2.258215189
1.8	69	1.0	1.0	1.0	0.0	0.69314718060000002	1.9959989786000001
2.0	70	1.0	60.0	0.0	0.0	0.083649704599999999	0.39857822700000001
2.0	70	1.0	11.0	0.0	0.0	0.94959366769999998	0.35687926399999997
1.0	70	1.0	2.0	1.0	0.0	0.63651416829999996	0.46722093219999999
1.0	70	3.0	1.0	1.0	0.0	0.0	1.5861098765999999
1.4	70	1.0	2.0	0.0	0.0	2.3692447686999998	0.0183789283
1.0	70	1.0	1.0	0.0	0.0	0.0	3.1722197532999998
1.0	70	3.0	1.0	0.0	0.0	0.0	2.5377759932999999
3.0	70	3.0	1.0	0.0	0.0	0.0	2.2205538749999998
1.6	70	3.0	1.0	0.0	0.0	2.1527165161999999	2.1066219807
1.4	70	1.0	1.0	0.0	0.0	0.69314718060000002	1.5861098765999999
2.8	71	3.0	19.0	1.0	1.0	0.0	0.55791991900000004
2.8	71	2.0	3.0	1.0	1.0	0.69314718060000002	0.72920978069999998
2.6	71	3.0	4.0	1.0	0.0	0.0	0.59792155030000005
2.2	71	1.0	4.0	1.0	0.0	0.0	0.53771543499999996
1.4	71	1.0	3.0	1.0	0.0	0.0	0.36830651759999999
2.2	71	1.0	3.0	1.0	0.0	0.0	0.2881192863
2.0	71	1.0	2.0	1.0	1.0	0.0	0.26464465259999997
2.6	71	2.0	1.0	1.0	1.0	0.0	1.2475469111999999
2.4	71	2.0	1.0	0.0	2.0	0.0	0.62733471389999995
1.0	71	2.0	2.0	1.0	0.0	0.0	0.55301880839999995
1.1	72	3.0	1.0	1.0	0.0	0.0	2.5595026016000002
2.6	72	1.0	1.0	1.0	0.0	0.0	0.33970627190000002
2.2	72	1.0	1.0	1.0	0.0	0.0	0.1599739194
2.2	72	1.0	0.0	0.0	2.0	2.0317592186	0.11619080599999999
1.8	72	1.0	1.0	0.0	0.0	0.0	2.2787885665999998
1.96	72	1.0	1.0	0.0	0.0	0.69314718060000002	1.5082014799000001
1.4	72	1.0	1.0	0.0	0.0	0.0	1.4626187086
1.0	72	1.0	1.0	0.0	0.0	0.0	0.74652159210000002
1.0	72	1.0	1.0	0.0	0.0	0.0	0.60682982210000003
1.0	72	1.0	1.0	0.0	0.0	0.0	0.54848206040000003
1.0	73	3.0	1.0	1.0	0.0	0.0	1.1786704063
1.0	73	1.0	1.0	1.0	0.0	0.0	0.53049492840000001
2.2	73	1.0	2.0	0.0	0.0	1.054920168	0.062117259899999999
1.0	73	3.0	1.0	0.0	0.0	0.0	2.8146481514000001
1.8	73	1.0	1.0	0.0	0.0	1.0986122887000001	2.4375567436000001
1.4	73	1.0	1.0	0.0	0.0	0.0	2.1109862328000002
1.0	73	1.0	1.0	0.0	0.0	0.0	0.87957751750000002
1.0	73	1.0	1.0	0.0	0.0	0.0	0.70366203780000003
1.8	73	1.0	0.0	0.0	1.0	0.42318571789999998	0.37588468190000002
3.0	73	1.0	1.0	0.0	0.0	0.69314718060000002	0.31097760800000002
2.2	74	2.0	1.0	1.0	1.0	0.0	2.7661781311000002
2.2	74	2.0	1.0	1.0	1.0	0.0	2.7661781311000002
1.8	74	1.0	1.0	1.0	0.0	0.0	2.7661781311000002
2.2	74	2.0	1.0	0.0	1.0	0.0	2.7661781311000002
1.0	74	1.0	1.0	0.0	0.0	0.0	2.7661781311000002
1.0	74	2.0	1.0	0.0	0.0	0.0	2.7661781311000002
1.8	74	2.0	1.0	0.0	0.0	2.6701198898	0.89443445210000005
1.0	74	1.0	1.0	0.0	0.0	0.0	0.60510146620000005
1.4	74	1.0	1.0	0.0	0.0	0.0	0.38755083080000002
2.2	74	1.0	1.0	0.0	0.0	0.0	0.2214044631
1.4	75	1.0	6.0	0.0	0.0	0.0	0.390109241
2.6	75	1.0	4.0	0.0	1.0	3.7047110290999998	0.69536030289999995
1.0	75	1.0	2.0	1.0	0.0	0.0	1.0396957397
1.4	75	3.0	2.0	0.0	1.0	3.1186603083	0.40192276240000002
2.2	75	1.0	3.0	0.0	0.0	0.0	0.25085085629999998
1.4	75	1.0	1.0	1.0	0.0	0.69314718060000002	2.7394051552000001
1.0	75	1.0	1.0	1.0	0.0	0.0	0.62578308579999997
2.2	75	1.0	1.0	1.0	0.0	0.0	0.22661632300000001
1.0	75	1.0	1.0	0.0	0.0	0.0	3.2284197806999999
1.0	75	1.0	1.0	0.0	0.0	0.0	3.2284197806999999
